  compiler.cpp
  sys_error.cpp
  cn_ir_generator.cpp
C:\Users\user\source\repos\Chestnut\ChestnutCompiler\ir_generator\cn_ir_generator.cpp(485,15): warning C4267: '초기화 중': 'size_t'에서 'int'(으)로 변환하면서 데이터가 손실될 수 있습니다.
C:\Users\user\source\repos\Chestnut\ChestnutCompiler\ir_generator\cn_ir_generator.cpp(645,29): warning C4267: '+=': 'size_t'에서 'int'(으)로 변환하면서 데이터가 손실될 수 있습니다.
C:\Users\user\source\repos\Chestnut\ChestnutCompiler\ir_generator\cn_ir_generator.cpp(659,55): warning C4267: '+=': 'size_t'에서 'unsigned int'(으)로 변환하면서 데이터가 손실될 수 있습니다.
C:\Users\user\source\repos\Chestnut\ChestnutCompiler\ir_generator\cn_ir_generator.cpp(674,55): warning C4267: '+=': 'size_t'에서 'unsigned int'(으)로 변환하면서 데이터가 손실될 수 있습니다.
C:\Users\user\source\repos\Chestnut\ChestnutCompiler\ir_generator\cn_ir_generator.cpp(685,13): warning C4267: '초기화 중': 'size_t'에서 'int'(으)로 변환하면서 데이터가 손실될 수 있습니다.
C:\Users\user\source\repos\Chestnut\ChestnutCompiler\ir_generator\cn_ir_generator.cpp(731,14): warning C4267: '초기화 중': 'size_t'에서 'int'(으)로 변환하면서 데이터가 손실될 수 있습니다.
C:\Users\user\source\repos\Chestnut\ChestnutCompiler\ir_generator\cn_ir_generator.cpp(743,14): warning C4267: '초기화 중': 'size_t'에서 'int'(으)로 변환하면서 데이터가 손실될 수 있습니다.
C:\Users\user\source\repos\Chestnut\ChestnutCompiler\ir_generator\cn_ir_generator.cpp(763,14): warning C4267: '초기화 중': 'size_t'에서 'int'(으)로 변환하면서 데이터가 손실될 수 있습니다.
C:\Users\user\source\repos\Chestnut\ChestnutCompiler\ir_generator\cn_ir_generator.cpp(1370,14): warning C4267: '초기화 중': 'size_t'에서 'int'(으)로 변환하면서 데이터가 손실될 수 있습니다.
C:\Program Files\Microsoft Visual Studio\2022\Community\VC\Tools\MSVC\14.40.33807\include\utility(276,61): warning C4267: '초기화 중': 'size_t'에서 '_Ty2'(으)로 변환하면서 데이터가 손실될 수 있습니다.
C:\Program Files\Microsoft Visual Studio\2022\Community\VC\Tools\MSVC\14.40.33807\include\utility(276,61): warning C4267:         with
C:\Program Files\Microsoft Visual Studio\2022\Community\VC\Tools\MSVC\14.40.33807\include\utility(276,61): warning C4267:         [
C:\Program Files\Microsoft Visual Studio\2022\Community\VC\Tools\MSVC\14.40.33807\include\utility(276,61): warning C4267:             _Ty2=unsigned int
C:\Program Files\Microsoft Visual Studio\2022\Community\VC\Tools\MSVC\14.40.33807\include\utility(276,61): warning C4267:         ]
  sys_logger.cpp
C:\Users\user\source\repos\Chestnut\ChestnutCompiler\logger\sys_logger.cpp(10,8): warning C4101: 'time_str' :참조되지 않은 지역 변수입니다.
  main.cpp
C:\Users\user\source\repos\Chestnut\ChestnutCompiler\main.cpp(16,14): warning C4101: 'e' :참조되지 않은 지역 변수입니다.
  cn_ast.cpp
  cn_parser.cpp
C:\Users\user\source\repos\Chestnut\ChestnutCompiler\parser\cn_parser.cpp(643,35): warning C4267: '=': 'size_t'에서 'unsigned int'(으)로 변환하면서 데이터가 손실될 수 있습니다.
C:\Users\user\source\repos\Chestnut\ChestnutCompiler\parser\cn_parser.cpp(1348,55): warning C4244: '인수': 'wchar_t'에서 'char'(으)로 변환하면서 데이터가 손실될 수 있습니다.
C:\Program Files\Microsoft Visual Studio\2022\Community\VC\Tools\MSVC\14.40.33807\include\utility(276,61): warning C4267: '초기화 중': 'size_t'에서 '_Ty2'(으)로 변환하면서 데이터가 손실될 수 있습니다.
C:\Program Files\Microsoft Visual Studio\2022\Community\VC\Tools\MSVC\14.40.33807\include\utility(276,61): warning C4267:         with
C:\Program Files\Microsoft Visual Studio\2022\Community\VC\Tools\MSVC\14.40.33807\include\utility(276,61): warning C4267:         [
C:\Program Files\Microsoft Visual Studio\2022\Community\VC\Tools\MSVC\14.40.33807\include\utility(276,61): warning C4267:             _Ty2=unsigned int
C:\Program Files\Microsoft Visual Studio\2022\Community\VC\Tools\MSVC\14.40.33807\include\utility(276,61): warning C4267:         ]
  sys_file.cpp
  cn_tokenizer.cpp
  코드를 생성하고 있습니다...
C:\Users\user\source\repos\Chestnut\ChestnutCompiler\ir_generator\cn_ir_generator.cpp(141,1): warning C4715: 'get_scope_of_function': 모든 제어 경로에서 값을 반환하지는 않습니다.
C:\Users\user\source\repos\Chestnut\ChestnutCompiler\ir_generator\cn_ir_generator.cpp(112,1): warning C4715: 'get_scope_of_identifier': 모든 제어 경로에서 값을 반환하지는 않습니다.
C:\Users\user\source\repos\Chestnut\ChestnutCompiler\ir_generator\cn_ir_generator.cpp(236,1): warning C4715: 'get_data_of_variable': 모든 제어 경로에서 값을 반환하지는 않습니다.
  ChestnutCompiler.vcxproj -> C:\Users\user\source\repos\Chestnut\x64\Debug\ChestnutCompiler.exe
