c:\workspace\chsetnutcompiler\x64\debug\vc143.pdb
c:\workspace\chsetnutcompiler\x64\debug\vc143.idb
c:\workspace\chsetnutcompiler\x64\debug\cn_tokenizer.obj
c:\workspace\chsetnutcompiler\x64\debug\sys_file.obj
c:\workspace\chsetnutcompiler\x64\debug\cn_parser.obj
c:\workspace\chsetnutcompiler\x64\debug\cn_ast.obj
c:\workspace\chsetnutcompiler\x64\debug\main.obj
c:\workspace\chsetnutcompiler\x64\debug\sys_logger.obj
c:\workspace\chsetnutcompiler\x64\debug\cn_ir_generator.obj
c:\workspace\chsetnutcompiler\x64\debug\sys_error.obj
c:\workspace\chsetnutcompiler\x64\debug\compiler.obj
c:\users\nayou\source\repos\chestnut\x64\debug\chestnutcompiler.exe
c:\workspace\chsetnutcompiler\x64\debug\chestnutcompiler.ilk
c:\users\nayou\source\repos\chestnut\x64\debug\chestnutcompiler.pdb
c:\users\user\source\repos\chestnut\chestnutcompiler\x64\debug\chestnutcompiler.ilk
c:\users\user\source\repos\chestnut\chestnutcompiler\x64\debug\cn_ast.obj
c:\users\user\source\repos\chestnut\chestnutcompiler\x64\debug\cn_ir_generator.obj
c:\users\user\source\repos\chestnut\chestnutcompiler\x64\debug\cn_parser.obj
c:\users\user\source\repos\chestnut\chestnutcompiler\x64\debug\cn_tokenizer.obj
c:\users\user\source\repos\chestnut\chestnutcompiler\x64\debug\compiler.obj
c:\users\user\source\repos\chestnut\chestnutcompiler\x64\debug\main.obj
c:\users\user\source\repos\chestnut\chestnutcompiler\x64\debug\sys_error.obj
c:\users\user\source\repos\chestnut\chestnutcompiler\x64\debug\sys_file.obj
c:\users\user\source\repos\chestnut\chestnutcompiler\x64\debug\sys_logger.obj
c:\users\user\source\repos\chestnut\chestnutcompiler\x64\debug\cn_ir_generator.obj.enc
c:\users\user\source\repos\chestnut\chestnutcompiler\x64\debug\main.obj.enc
c:\users\user\source\repos\chestnut\chestnutcompiler\x64\debug\vc143.idb
c:\users\user\source\repos\chestnut\chestnutcompiler\x64\debug\vc143.pdb
c:\users\user\source\repos\chestnut\x64\debug\chestnutcompiler.pdb
c:\users\user\source\repos\chestnut\x64\debug\chestnutcompiler.exe
c:\users\user\source\repos\chestnut\chestnutcompiler\x64\debug\chestnutcompiler.tlog\cl.command.1.tlog
c:\users\user\source\repos\chestnut\chestnutcompiler\x64\debug\chestnutcompiler.tlog\cl.items.tlog
c:\users\user\source\repos\chestnut\chestnutcompiler\x64\debug\chestnutcompiler.tlog\cl.read.1.tlog
c:\users\user\source\repos\chestnut\chestnutcompiler\x64\debug\chestnutcompiler.tlog\cl.write.1.tlog
c:\users\user\source\repos\chestnut\chestnutcompiler\x64\debug\chestnutcompiler.tlog\link.command.1.tlog
c:\users\user\source\repos\chestnut\chestnutcompiler\x64\debug\chestnutcompiler.tlog\link.read.1.tlog
c:\users\user\source\repos\chestnut\chestnutcompiler\x64\debug\chestnutcompiler.tlog\link.secondary.1.tlog
c:\users\user\source\repos\chestnut\chestnutcompiler\x64\debug\chestnutcompiler.tlog\link.write.1.tlog
